Solid Edge Translation To 3MF
Date: Sunday,May 21,2023 10:49AM
Output File: C:\Users\mikel\Documents\GitHub\turing\3D_files\Meshes\lower_box.3mf
Author: Miguel Silva
Organization: Unknown
Source System: SOLID EDGE

Hardware:
Processor: AMD Ryzen 9 4900HS with Radeon Graphics         
Operating System: Windows 10
Installed Memory: 15.41 GB

Software Information:
Parasolid Version: 35.0.149
PSBodyshop Version: 35.0.82
3MF Adapter Version:11.0.82
Solid Edge Version: 223.00.00.101 x64

3MF Export Options
Export Construction Solids:Off
Export Displayed Parts:Off
Enable Logging:On
AllowInvalid3mfObjects:Off
Export Flatten Assembly:On
Export Units:Millimeters
Export Tolerance Value:0.001000
Export Tolerance Type:Fine
Export Surface Plane Angle Value:0.523599
Export Author:Miguel Silva
Export Description:Unknown
Export Organization:Unknown
Export Program Name:Unknown

Translation progress:
Phase 1 of 1 Translating Parasolid to foreign data types...
Translation process completed
Time required to translate:00 : 00 : 00
